Performing C SOURCE FILE Test CMAKE_HAVE_LIBC_PTHREAD failed with the following output:
Change Dir: /home/bestiole/CLionProjects/Simulation-of-an-ecosystem/cmake-build-debug/CMakeFiles/CMakeTmp

Run Build Command(s):/usr/bin/make -f Makefile cmTC_a0961/fast && /usr/bin/make  -f CMakeFiles/cmTC_a0961.dir/build.make CMakeFiles/cmTC_a0961.dir/build
make[1] : on entre dans le répertoire « /home/bestiole/CLionProjects/Simulation-of-an-ecosystem/cmake-build-debug/CMakeFiles/CMakeTmp »
Building C object CMakeFiles/cmTC_a0961.dir/src.c.o
/usr/bin/cc -DCMAKE_HAVE_LIBC_PTHREAD   -o CMakeFiles/cmTC_a0961.dir/src.c.o -c /home/bestiole/CLionProjects/Simulation-of-an-ecosystem/cmake-build-debug/CMakeFiles/CMakeTmp/src.c
Linking C executable cmTC_a0961
/snap/clion/175/bin/cmake/linux/bin/cmake -E cmake_link_script CMakeFiles/cmTC_a0961.dir/link.txt --verbose=1
/usr/bin/cc CMakeFiles/cmTC_a0961.dir/src.c.o -o cmTC_a0961 
/usr/bin/ld : CMakeFiles/cmTC_a0961.dir/src.c.o : dans la fonction « main » :
src.c:(.text+0x46) : référence indéfinie vers « pthread_create »
/usr/bin/ld : src.c:(.text+0x52) : référence indéfinie vers « pthread_detach »
/usr/bin/ld : src.c:(.text+0x5e) : référence indéfinie vers « pthread_cancel »
/usr/bin/ld : src.c:(.text+0x6f) : référence indéfinie vers « pthread_join »
collect2: error: ld returned 1 exit status
make[1]: *** [CMakeFiles/cmTC_a0961.dir/build.make:99 : cmTC_a0961] Erreur 1
make[1] : on quitte le répertoire « /home/bestiole/CLionProjects/Simulation-of-an-ecosystem/cmake-build-debug/CMakeFiles/CMakeTmp »
make: *** [Makefile:127 : cmTC_a0961/fast] Erreur 2


Source file was:
#include <pthread.h>

static void* test_func(void* data)
{
  return data;
}

int main(void)
{
  pthread_t thread;
  pthread_create(&thread, NULL, test_func, NULL);
  pthread_detach(thread);
  pthread_cancel(thread);
  pthread_join(thread, NULL);
  pthread_atfork(NULL, NULL, NULL);
  pthread_exit(NULL);

  return 0;
}

Determining if the function pthread_create exists in the pthreads failed with the following output:
Change Dir: /home/bestiole/CLionProjects/Simulation-of-an-ecosystem/cmake-build-debug/CMakeFiles/CMakeTmp

Run Build Command(s):/usr/bin/make -f Makefile cmTC_e57f6/fast && /usr/bin/make  -f CMakeFiles/cmTC_e57f6.dir/build.make CMakeFiles/cmTC_e57f6.dir/build
make[1] : on entre dans le répertoire « /home/bestiole/CLionProjects/Simulation-of-an-ecosystem/cmake-build-debug/CMakeFiles/CMakeTmp »
Building C object CMakeFiles/cmTC_e57f6.dir/CheckFunctionExists.c.o
/usr/bin/cc   -DCHECK_FUNCTION_EXISTS=pthread_create -o CMakeFiles/cmTC_e57f6.dir/CheckFunctionExists.c.o -c /snap/clion/175/bin/cmake/linux/share/cmake-3.21/Modules/CheckFunctionExists.c
Linking C executable cmTC_e57f6
/snap/clion/175/bin/cmake/linux/bin/cmake -E cmake_link_script CMakeFiles/cmTC_e57f6.dir/link.txt --verbose=1
/usr/bin/cc  -DCHECK_FUNCTION_EXISTS=pthread_create CMakeFiles/cmTC_e57f6.dir/CheckFunctionExists.c.o -o cmTC_e57f6  -lpthreads 
/usr/bin/ld : ne peut trouver -lpthreads
collect2: error: ld returned 1 exit status
make[1]: *** [CMakeFiles/cmTC_e57f6.dir/build.make:99 : cmTC_e57f6] Erreur 1
make[1] : on quitte le répertoire « /home/bestiole/CLionProjects/Simulation-of-an-ecosystem/cmake-build-debug/CMakeFiles/CMakeTmp »
make: *** [Makefile:127 : cmTC_e57f6/fast] Erreur 2



